2025-09-11 09:30:45.383 [info] Reading sessions from keychain...
2025-09-11 09:30:45.383 [info] Getting sessions for all scopes...
2025-09-11 09:30:45.383 [info] Got 0 sessions for ...
2025-09-11 09:30:45.383 [info] Getting sessions for all scopes...
2025-09-11 09:30:45.383 [info] Got 0 sessions for ...
2025-09-11 09:30:45.383 [info] Getting sessions for all scopes...
2025-09-11 09:30:45.383 [info] Got 0 sessions for ...
2025-09-11 09:30:45.383 [info] Getting sessions for all scopes...
2025-09-11 09:30:45.383 [info] Got 0 sessions for ...
2025-09-11 09:30:45.383 [info] Getting sessions for all scopes...
2025-09-11 09:30:45.383 [info] Got 0 sessions for ...
2025-09-11 09:30:45.383 [info] Getting sessions for all scopes...
2025-09-11 09:30:45.383 [info] Got 0 sessions for ...
2025-09-11 09:30:45.383 [info] Getting sessions for all scopes...
2025-09-11 09:30:45.383 [info] Got 0 sessions for ...
2025-09-11 09:30:45.383 [info] Getting sessions for all scopes...
2025-09-11 09:30:45.383 [info] Got 0 sessions for ...
2025-09-11 09:30:45.405 [info] Getting sessions for all scopes...
2025-09-11 09:30:45.405 [info] Got 0 sessions for ...
2025-09-11 09:30:45.405 [info] Getting sessions for all scopes...
2025-09-11 09:30:45.405 [info] Got 0 sessions for ...
2025-09-11 09:30:45.405 [info] Getting sessions for all scopes...
2025-09-11 09:30:45.405 [info] Got 0 sessions for ...
2025-09-11 09:30:45.405 [info] Getting sessions for all scopes...
2025-09-11 09:30:45.405 [info] Got 0 sessions for ...
2025-09-11 09:30:45.405 [info] Getting sessions for all scopes...
2025-09-11 09:30:45.405 [info] Got 0 sessions for ...
2025-09-11 09:30:45.405 [info] Getting sessions for all scopes...
2025-09-11 09:30:45.405 [info] Got 0 sessions for ...
2025-09-11 09:30:46.864 [info] Getting sessions for all scopes...
2025-09-11 09:30:46.864 [info] Got 0 sessions for ...
2025-09-11 09:30:47.436 [info] Getting sessions for all scopes...
2025-09-11 09:30:47.436 [info] Got 0 sessions for ...
2025-09-11 09:30:47.443 [info] Getting sessions for all scopes...
2025-09-11 09:30:47.443 [info] Got 0 sessions for ...
2025-09-11 09:30:47.455 [info] Getting sessions for all scopes...
2025-09-11 09:30:47.455 [info] Got 0 sessions for ...
2025-09-11 09:45:27.658 [info] Logging in with google,  'any' account...
2025-09-11 09:45:27.658 [info] Logging in for the following scopes: user:email
2025-09-11 09:45:28.087 [info] Trying with local server... (user:email)
2025-09-11 09:50:28.094 [error] Timed out
2025-09-11 09:57:10.929 [info] Trying without local server... (user:email)
2025-09-11 09:57:12.510 [error] User Cancelled
